<?xml version="1.0" encoding="UTF-8"?>
<!-- Generated by org.testng.reporters.JUnitReportReporter -->
<testsuite hostname="DESKTOP-8RBRC1F" failures="0" tests="3" name="org.Qspiders.mavenPractice.AnnotationsInTestng" time="0.031" errors="0" timestamp="2024-09-25T18:40:41 IST" skipped="0">
  <testcase classname="org.Qspiders.mavenPractice.AnnotationsInTestng" name="m2" time="0.006"/>
  <system-out/>
  <testcase classname="org.Qspiders.mavenPractice.AnnotationsInTestng" name="m1" time="0.018"/>
  <system-out/>
  <testcase classname="org.Qspiders.mavenPractice.AnnotationsInTestng" name="m3" time="0.007"/>
  <system-out/>
</testsuite> <!-- org.Qspiders.mavenPractice.AnnotationsInTestng -->
