<?xml version="1.0" encoding="UTF-8"?>
<!-- Generated by org.testng.reporters.JUnitReportReporter -->
<testsuite hostname="DESKTOP-8RBRC1F" failures="0" tests="1" name="org.Qspiders.mavenPractice.OrangeHrmPrac" time="15.385" errors="0" timestamp="2024-09-25T19:04:20 IST" skipped="0">
  <testcase classname="org.Qspiders.mavenPractice.OrangeHrmPrac" name="login" time="15.385"/>
  <system-out/>
</testsuite> <!-- org.Qspiders.mavenPractice.OrangeHrmPrac -->
